Determining if the pthread_create exist failed with the following output:
Change Dir: /home/jiaotong404/lane_8/cmake-build-debug/CMakeFiles/CMakeTmp

Run Build Command:"/usr/bin/make" "cmTC_615f7/fast"
/usr/bin/make -f CMakeFiles/cmTC_615f7.dir/build.make CMakeFiles/cmTC_615f7.dir/build
make[1]: Entering directory '/home/jiaotong404/lane_8/cmake-build-debug/CMakeFiles/CMakeTmp'
Building C object CMakeFiles/cmTC_615f7.dir/CheckSymbolExists.c.o
/usr/bin/cc   -fPIC    -o CMakeFiles/cmTC_615f7.dir/CheckSymbolExists.c.o   -c /home/jiaotong404/lane_8/cmake-build-debug/CMakeFiles/CMakeTmp/CheckSymbolExists.c
Linking C executable cmTC_615f7
/home/jiaotong404/Desktop/clion-2017.3.4/bin/cmake/bin/cmake -E cmake_link_script CMakeFiles/cmTC_615f7.dir/link.txt --verbose=1
/usr/bin/cc -fPIC     -rdynamic CMakeFiles/cmTC_615f7.dir/CheckSymbolExists.c.o  -o cmTC_615f7 
CMakeFiles/cmTC_615f7.dir/CheckSymbolExists.c.o: In function `main':
CheckSymbolExists.c:(.text+0x1b): undefined reference to `pthread_create'
collect2: error: ld returned 1 exit status
CMakeFiles/cmTC_615f7.dir/build.make:97: recipe for target 'cmTC_615f7' failed
make[1]: *** [cmTC_615f7] Error 1
make[1]: Leaving directory '/home/jiaotong404/lane_8/cmake-build-debug/CMakeFiles/CMakeTmp'
Makefile:126: recipe for target 'cmTC_615f7/fast' failed
make: *** [cmTC_615f7/fast] Error 2

File /home/jiaotong404/lane_8/cmake-build-debug/CMakeFiles/CMakeTmp/CheckSymbolExists.c:
/* */
#include <pthread.h>

int main(int argc, char** argv)
{
  (void)argv;
#ifndef pthread_create
  return ((int*)(&pthread_create))[argc];
#else
  (void)argc;
  return 0;
#endif
}

Determining if the function pthread_create exists in the pthreads failed with the following output:
Change Dir: /home/jiaotong404/lane_8/cmake-build-debug/CMakeFiles/CMakeTmp

Run Build Command:"/usr/bin/make" "cmTC_fe050/fast"
/usr/bin/make -f CMakeFiles/cmTC_fe050.dir/build.make CMakeFiles/cmTC_fe050.dir/build
make[1]: Entering directory '/home/jiaotong404/lane_8/cmake-build-debug/CMakeFiles/CMakeTmp'
Building C object CMakeFiles/cmTC_fe050.dir/CheckFunctionExists.c.o
/usr/bin/cc   -fPIC -DCHECK_FUNCTION_EXISTS=pthread_create   -o CMakeFiles/cmTC_fe050.dir/CheckFunctionExists.c.o   -c /home/jiaotong404/Desktop/clion-2017.3.4/bin/cmake/share/cmake-3.9/Modules/CheckFunctionExists.c
Linking C executable cmTC_fe050
/home/jiaotong404/Desktop/clion-2017.3.4/bin/cmake/bin/cmake -E cmake_link_script CMakeFiles/cmTC_fe050.dir/link.txt --verbose=1
/usr/bin/cc -fPIC -DCHECK_FUNCTION_EXISTS=pthread_create    -rdynamic CMakeFiles/cmTC_fe050.dir/CheckFunctionExists.c.o  -o cmTC_fe050 -lpthreads 
/usr/bin/ld: cannot find -lpthreads
collect2: error: ld returned 1 exit status
CMakeFiles/cmTC_fe050.dir/build.make:97: recipe for target 'cmTC_fe050' failed
make[1]: *** [cmTC_fe050] Error 1
make[1]: Leaving directory '/home/jiaotong404/lane_8/cmake-build-debug/CMakeFiles/CMakeTmp'
Makefile:126: recipe for target 'cmTC_fe050/fast' failed
make: *** [cmTC_fe050/fast] Error 2


